<?xml version="1.0" encoding="UTF-8"?>
<!-- Generated by org.testng.reporters.JUnitReportReporter -->
<testsuite hostname="PDC-L-4BMWHG3" failures="0" tests="1" name="caseStudy.ScrollPrg" time="32.696" errors="0" timestamp="2022-08-18T17:18:56 IST" skipped="0">
  <testcase classname="caseStudy.ScrollPrg" name="scrollDemo" time="32.696"/>
  <system-out/>
</testsuite> <!-- caseStudy.ScrollPrg -->
