<?xml version="1.0" encoding="UTF-8"?>
<!-- Generated by org.testng.reporters.JUnitReportReporter -->
<testsuite hostname="PDC-L-4BMWHG3" failures="0" tests="1" name="caseStudy.AndroidKeys" time="36.571" errors="0" timestamp="2022-08-18T17:39:15 IST" skipped="0">
  <testcase classname="caseStudy.AndroidKeys" name="f" time="36.571"/>
  <system-out/>
</testsuite> <!-- caseStudy.AndroidKeys -->
