<?xml version="1.0" encoding="UTF-8"?>
<!-- Generated by org.testng.reporters.JUnitReportReporter -->
<testsuite hostname="PDC-L-4BMWHG3" failures="0" tests="1" name="caseStudy.DemoWebShop" time="196.711" errors="0" timestamp="2022-08-18T12:52:11 IST" skipped="0">
  <testcase classname="caseStudy.DemoWebShop" name="f" time="196.711"/>
  <system-out/>
</testsuite> <!-- caseStudy.DemoWebShop -->
