<?xml version="1.0" encoding="UTF-8"?>
<!-- Generated by org.testng.reporters.JUnitReportReporter -->
<testsuite hostname="PDC-L-4BMWHG3" failures="0" tests="1" name="caseStudy.Calc" time="17.375" errors="0" timestamp="2022-08-18T11:18:02 IST" skipped="0">
  <testcase classname="caseStudy.Calc" name="multiply" time="17.375"/>
  <system-out/>
</testsuite> <!-- caseStudy.Calc -->
