<?xml version="1.0" encoding="UTF-8"?>
<!-- Generated by org.testng.reporters.JUnitReportReporter -->
<testsuite hostname="PDC-L-4BMWHG3" failures="0" tests="1" name="caseStudy.LongPress" time="36.040" errors="0" timestamp="2022-08-18T13:45:03 IST" skipped="0">
  <testcase classname="caseStudy.LongPress" name="f" time="36.040"/>
  <system-out/>
</testsuite> <!-- caseStudy.LongPress -->
